Arguments: 
  D:\Program Files\nodejs\node.exe C:\Users\xiadongqi\AppData\Roaming\npm\node_modules\yarn\bin\yarn.js

PATH: 
  D:\eclipse\jdk-11.0.7\bin;C:\Program Files (x86)\Common Files\Oracle\Java\javapath;C:\Windows\system32;C:\Windows;C:\Windows\System32\Wbem;C:\Windows\System32\WindowsPowerShell\v1.0\;C:\Windows\System32\OpenSSH\;C:\Program Files\Intel\WiFi\bin\;C:\Program Files\Common Files\Intel\WirelessCommon\;C:\Program Files (x86)\NVIDIA Corporation\PhysX\Common;C:\Program Files\NVIDIA Corporation\NVIDIA NvDLISR;D:\Program Files\MySQL\MySQL Server 5.5\bin;D:\Program Files\Git\cmd;D:\Program Files\TortoiseGit\bin;C:\WINDOWS\system32;C:\WINDOWS;C:\WINDOWS\System32\Wbem;C:\WINDOWS\System32\WindowsPowerShell\v1.0\;C:\WINDOWS\System32\OpenSSH\;D:\Program Files (x86)\NetSarang\Xftp 7\;D:\Program Files (x86)\NetSarang\Xshell 7\;D:\Program Files\nodejs\;D:\Program Files\MySQL\MySQL Shell 8.0\bin\;C:\Users\xiadongqi\AppData\Local\Microsoft\WindowsApps;D:\Software\Microsoft VS Code\bin;D:\Program Files\JetBrains\IntelliJ IDEA 2019.2.4\bin;;D:\Program Files\Git\bin;D:\Software\redis;D:\eclipse\jdk-11.0.7\bin;C:\Users\xiadongqi\AppData\Roaming\npm

Yarn version: 
  1.22.11

Node version: 
  14.17.2

Platform: 
  win32 x64

Trace: 
  Error: EPERM: operation not permitted, unlink 'E:\git\wendu\web-demo\node_modules\esbuild\esbuild.exe'

npm manifest: 
  {
    "name": "web-demo",
    "version": "0.0.0",
    "scripts": {
      "dev": "vite",
      "build": "vite build",
      "serve": "vite preview"
    },
    "dependencies": {
      "vue": "^3.2.2"
    },
    "devDependencies": {
      "@vitejs/plugin-vue": "^1.3.0",
      "@vue/compiler-sfc": "^3.2.2",
      "vite": "^2.4.4"
    }
  }

yarn manifest: 
  No manifest

Lockfile: 
  # THIS IS AN AUTOGENERATED FILE. DO NOT EDIT THIS FILE DIRECTLY.
  # yarn lockfile v1
  
  
  "@ant-design-vue/use@^0.0.1-0":
    version "0.0.1-alpha.10"
    resolved "https://registry.nlark.com/@ant-design-vue/use/download/@ant-design-vue/use-0.0.1-alpha.10.tgz#14697ced4aa3e6d76a63008e87dbf6d3ef3e07da"
    integrity sha1-FGl87Uqj5tdqYwCOh9v20+8+B9o=
    dependencies:
      async-validator "^3.4.0"
      lodash-es "^4.17.15"
      resize-observer-polyfill "^1.5.1"
      vue "^3.0.0"
  
  "@ant-design/colors@^5.0.0":
    version "5.1.1"
    resolved "https://registry.npm.taobao.org/@ant-design/colors/download/@ant-design/colors-5.1.1.tgz?cache=0&sync_timestamp=1612935497491&other_urls=https%3A%2F%2Fregistry.npm.taobao.org%2F%40ant-design%2Fcolors%2Fdownload%2F%40ant-design%2Fcolors-5.1.1.tgz#800b2186b1e27e66432e67d03ed96af3e21d8940"
    integrity sha1-gAshhrHifmZDLmfQPtlq8+IdiUA=
    dependencies:
      "@ctrl/tinycolor" "^3.3.1"
  
  "@ant-design/icons-svg@^4.0.0":
    version "4.1.0"
    resolved "https://registry.npm.taobao.org/@ant-design/icons-svg/download/@ant-design/icons-svg-4.1.0.tgz#480b025f4b20ef7fe8f47d4a4846e4fee84ea06c"
    integrity sha1-SAsCX0sg73/o9H1KSEbk/uhOoGw=
  
  "@ant-design/icons-vue@^6.0.0":
    version "6.0.1"
    resolved "https://registry.npm.taobao.org/@ant-design/icons-vue/download/@ant-design/icons-vue-6.0.1.tgz?cache=0&sync_timestamp=1611990511152&other_urls=https%3A%2F%2Fregistry.npm.taobao.org%2F%40ant-design%2Ficons-vue%2Fdownload%2F%40ant-design%2Ficons-vue-6.0.1.tgz#9d804c3c74d2cfaf97cb18e582d3b9400934f5fd"
    integrity sha1-nYBMPHTSz6+XyxjlgtO5QAk09f0=
    dependencies:
      "@ant-design/colors" "^5.0.0"
      "@ant-design/icons-svg" "^4.0.0"
      "@types/lodash" "^4.14.165"
      lodash "^4.17.15"
  
  "@babel/helper-validator-identifier@^7.14.0":
    version "7.14.0"
    resolved "https://registry.nlark.com/@babel/helper-validator-identifier/download/@babel/helper-validator-identifier-7.14.0.tgz?cache=0&sync_timestamp=1619727388937&other_urls=https%3A%2F%2Fregistry.nlark.com%2F%40babel%2Fhelper-validator-identifier%2Fdownload%2F%40babel%2Fhelper-validator-identifier-7.14.0.tgz#d26cad8a47c65286b15df1547319a5d0bcf27288"
    integrity sha1-0mytikfGUoaxXfFUcxml0Lzycog=
  
  "@babel/parser@^7.12.0", "@babel/parser@^7.13.9":
    version "7.14.4"
    resolved "https://registry.nlark.com/@babel/parser/download/@babel/parser-7.14.4.tgz#a5c560d6db6cd8e6ed342368dea8039232cbab18"
    integrity sha1-pcVg1tts2ObtNCNo3qgDkjLLqxg=
  
  "@babel/runtime@^7.10.5":
    version "7.14.0"
    resolved "https://registry.nlark.com/@babel/runtime/download/@babel/runtime-7.14.0.tgz?cache=0&sync_timestamp=1619727389508&other_urls=https%3A%2F%2Fregistry.nlark.com%2F%40babel%2Fruntime%2Fdownload%2F%40babel%2Fruntime-7.14.0.tgz#46794bc20b612c5f75e62dd071e24dfd95f1cbe6"
    integrity sha1-RnlLwgthLF915i3QceJN/ZXxy+Y=
    dependencies:
      regenerator-runtime "^0.13.4"
  
  "@babel/types@^7.12.0", "@babel/types@^7.13.0":
    version "7.14.4"
    resolved "https://registry.nlark.com/@babel/types/download/@babel/types-7.14.4.tgz#bfd6980108168593b38b3eb48a24aa026b919bc0"
    integrity sha1-v9aYAQgWhZOziz60iiSqAmuRm8A=
    dependencies:
      "@babel/helper-validator-identifier" "^7.14.0"
      to-fast-properties "^2.0.0"
  
  "@ctrl/tinycolor@^3.3.1":
    version "3.4.0"
    resolved "https://registry.npm.taobao.org/@ctrl/tinycolor/download/@ctrl/tinycolor-3.4.0.tgz#c3c5ae543c897caa9c2a68630bed355be5f9990f"
    integrity sha1-w8WuVDyJfKqcKmhjC+01W+X5mQ8=
  
  "@simonwep/pickr@~1.8.0":
    version "1.8.1"
    resolved "https://registry.nlark.com/@simonwep/pickr/download/@simonwep/pickr-1.8.1.tgz#e136cbd9c345ddbb7d71eb14af544c798165d495"
    integrity sha1-4TbL2cNF3bt9cesUr1RMeYFl1JU=
    dependencies:
      core-js "^3.12.1"
      nanopop "^2.1.0"
  
  "@types/estree@^0.0.48":
    version "0.0.48"
    resolved "https://registry.nlark.com/@types/estree/download/@types/estree-0.0.48.tgz#18dc8091b285df90db2f25aa7d906cfc394b7f74"
    integrity sha1-GNyAkbKF35DbLyWqfZBs/DlLf3Q=
  
  "@types/lodash@^4.14.165":
    version "4.14.170"
    resolved "https://registry.nlark.com/@types/lodash/download/@types/lodash-4.14.170.tgz#0d67711d4bf7f4ca5147e9091b847479b87925d6"
    integrity sha1-DWdxHUv39MpRR+kJG4R0ebh5JdY=
  
  "@vitejs/plugin-vue@^1.2.2":
    version "1.2.2"
    resolved "https://registry.nlark.com/@vitejs/plugin-vue/download/@vitejs/plugin-vue-1.2.2.tgz#b0038fc11b9099f4cd01fcbf0ee419adda417b52"
    integrity sha1-sAOPwRuQmfTNAfy/DuQZrdpBe1I=
  
  "@vue/compiler-core@3.0.11":
    version "3.0.11"
    resolved "https://registry.nlark.com/@vue/compiler-core/download/@vue/compiler-core-3.0.11.tgz#5ef579e46d7b336b8735228758d1c2c505aae69a"
    integrity sha1-XvV55G17M2uHNSKHWNHCxQWq5po=
    dependencies:
      "@babel/parser" "^7.12.0"
      "@babel/types" "^7.12.0"
      "@vue/shared" "3.0.11"
      estree-walker "^2.0.1"
      source-map "^0.6.1"
  
  "@vue/compiler-core@3.2.2":
    version "3.2.2"
    resolved "https://registry.nlark.com/@vue/compiler-core/download/@vue/compiler-core-3.2.2.tgz#8d3e29f129579ed9b14f48af735fd8d95f248504"
    integrity sha1-jT4p8SlXntmxT0ivc1/Y2V8khQQ=
    dependencies:
      "@babel/parser" "^7.12.0"
      "@babel/types" "^7.12.0"
      "@vue/shared" "3.2.2"
      estree-walker "^2.0.1"
      source-map "^0.6.1"
  
  "@vue/compiler-dom@3.0.11":
    version "3.0.11"
    resolved "https://registry.nlark.com/@vue/compiler-dom/download/@vue/compiler-dom-3.0.11.tgz#b15fc1c909371fd671746020ba55b5dab4a730ee"
    integrity sha1-sV/ByQk3H9ZxdGAgulW12rSnMO4=
    dependencies:
      "@vue/compiler-core" "3.0.11"
      "@vue/shared" "3.0.11"
  
  "@vue/compiler-dom@3.2.2":
    version "3.2.2"
    resolved "https://registry.nlark.com/@vue/compiler-dom/download/@vue/compiler-dom-3.2.2.tgz#26e198498746c53047c3744d26fc95e670692ab7"
    integrity sha1-JuGYSYdGxTBHw3RNJvyV5nBpKrc=
    dependencies:
      "@vue/compiler-core" "3.2.2"
      "@vue/shared" "3.2.2"
  
  "@vue/compiler-sfc@^3.0.5":
    version "3.2.2"
    resolved "https://registry.nlark.com/@vue/compiler-sfc/download/@vue/compiler-sfc-3.2.2.tgz?cache=0&sync_timestamp=1628696757082&other_urls=https%3A%2F%2Fregistry.nlark.com%2F%40vue%2Fcompiler-sfc%2Fdownload%2F%40vue%2Fcompiler-sfc-3.2.2.tgz#5b7b13b07689be8e4880d856f72d1be500785be9"
    integrity sha1-W3sTsHaJvo5IgNhW9y0b5QB4W+k=
    dependencies:
      "@babel/parser" "^7.13.9"
      "@babel/types" "^7.13.0"
      "@types/estree" "^0.0.48"
      "@vue/compiler-core" "3.2.2"
      "@vue/compiler-dom" "3.2.2"
      "@vue/compiler-ssr" "3.2.2"
      "@vue/shared" "3.2.2"
      consolidate "^0.16.0"
      estree-walker "^2.0.1"
      hash-sum "^2.0.0"
      lru-cache "^5.1.1"
      magic-string "^0.25.7"
      merge-source-map "^1.1.0"
      postcss "^8.1.10"
      postcss-modules "^4.0.0"
      postcss-selector-parser "^6.0.4"
      source-map "^0.6.1"
  
  "@vue/compiler-ssr@3.2.2":
    version "3.2.2"
    resolved "https://registry.nlark.com/@vue/compiler-ssr/download/@vue/compiler-ssr-3.2.2.tgz#633bb8e01f00a969c35ca12db32be7fe4c7185a9"
    integrity sha1-Yzu44B8AqWnDXKEtsyvn/kxxhak=
    dependencies:
      "@vue/compiler-dom" "3.2.2"
      "@vue/shared" "3.2.2"
  
  "@vue/devtools-api@^6.0.0-beta.14":
    version "6.0.0-beta.15"
    resolved "https://registry.nlark.com/@vue/devtools-api/download/@vue/devtools-api-6.0.0-beta.15.tgz?cache=0&sync_timestamp=1624900514906&other_urls=https%3A%2F%2Fregistry.nlark.com%2F%40vue%2Fdevtools-api%2Fdownload%2F%40vue%2Fdevtools-api-6.0.0-beta.15.tgz#ad7cb384e062f165bcf9c83732125bffbc2ad83d"
    integrity sha1-rXyzhOBi8WW8+cg3MhJb/7wq2D0=
  
  "@vue/reactivity@3.0.11":
    version "3.0.11"
    resolved "https://registry.nlark.com/@vue/reactivity/download/@vue/reactivity-3.0.11.tgz#07b588349fd05626b17f3500cbef7d4bdb4dbd0b"
    integrity sha1-B7WINJ/QViaxfzUAy+99S9tNvQs=
    dependencies:
      "@vue/shared" "3.0.11"
  
  "@vue/reactivity@3.2.2":
    version "3.2.2"
    resolved "https://registry.nlark.com/@vue/reactivity/download/@vue/reactivity-3.2.2.tgz#d37011a68395e038a3cf5256af52d48c591b06b6"
    integrity sha1-03ARpoOV4Dijz1JWr1LUjFkbBrY=
    dependencies:
      "@vue/shared" "3.2.2"
  
  "@vue/runtime-core@3.0.11":
    version "3.0.11"
    resolved "https://registry.nlark.com/@vue/runtime-core/download/@vue/runtime-core-3.0.11.tgz#c52dfc6acf3215493623552c1c2919080c562e44"
    integrity sha1-xS38as8yFUk2I1UsHCkZCAxWLkQ=
    dependencies:
      "@vue/reactivity" "3.0.11"
      "@vue/shared" "3.0.11"
  
  "@vue/runtime-core@3.2.2":
    version "3.2.2"
    resolved "https://registry.nlark.com/@vue/runtime-core/download/@vue/runtime-core-3.2.2.tgz#b9a7250783de19dd8dd6febf008084b0f9144586"
    integrity sha1-uaclB4PeGd2N1v6/AICEsPkURYY=
    dependencies:
      "@vue/reactivity" "3.2.2"
      "@vue/shared" "3.2.2"
  
  "@vue/runtime-dom@3.0.11":
    version "3.0.11"
    resolved "https://registry.nlark.com/@vue/runtime-dom/download/@vue/runtime-dom-3.0.11.tgz#7a552df21907942721feb6961c418e222a699337"
    integrity sha1-elUt8hkHlCch/raWHEGOIippkzc=
    dependencies:
      "@vue/runtime-core" "3.0.11"
      "@vue/shared" "3.0.11"
      csstype "^2.6.8"
  
  "@vue/runtime-dom@3.2.2":
    version "3.2.2"
    resolved "https://registry.nlark.com/@vue/runtime-dom/download/@vue/runtime-dom-3.2.2.tgz#6d0da23ed1cfc702477f4b8c5dc4f9335c94e119"
    integrity sha1-bQ2iPtHPxwJHf0uMXcT5M1yU4Rk=
    dependencies:
      "@vue/runtime-core" "3.2.2"
      "@vue/shared" "3.2.2"
      csstype "^2.6.8"
  
  "@vue/shared@3.0.11":
    version "3.0.11"
    resolved "https://registry.nlark.com/@vue/shared/download/@vue/shared-3.0.11.tgz#20d22dd0da7d358bb21c17f9bde8628152642c77"
    integrity sha1-INIt0Np9NYuyHBf5vehigVJkLHc=
  
  "@vue/shared@3.2.2":
    version "3.2.2"
    resolved "https://registry.nlark.com/@vue/shared/download/@vue/shared-3.2.2.tgz#6104185ebd57af5a14ac51c1f491b2205fc24054"
    integrity sha1-YQQYXr1Xr1oUrFHB9JGyIF/CQFQ=
  
  ant-design-vue@^2.1.6:
    version "2.1.6"
    resolved "https://registry.nlark.com/ant-design-vue/download/ant-design-vue-2.1.6.tgz?cache=0&sync_timestamp=1620892630050&other_urls=https%3A%2F%2Fregistry.nlark.com%2Fant-design-vue%2Fdownload%2Fant-design-vue-2.1.6.tgz#c51cdc858e1b1b8b569f5435eb487f53a3f1745e"
    integrity sha1-xRzchY4bG4tWn1Q160h/U6PxdF4=
    dependencies:
      "@ant-design-vue/use" "^0.0.1-0"
      "@ant-design/icons-vue" "^6.0.0"
      "@babel/runtime" "^7.10.5"
      "@simonwep/pickr" "~1.8.0"
      array-tree-filter "^2.1.0"
      async-validator "^3.3.0"
      dom-align "^1.10.4"
      dom-scroll-into-view "^2.0.0"
      lodash "^4.17.21"
      lodash-es "^4.17.15"
      moment "^2.27.0"
      omit.js "^2.0.0"
      resize-observer-polyfill "^1.5.1"
      scroll-into-view-if-needed "^2.2.25"
      shallow-equal "^1.0.0"
      vue-types "^3.0.0"
      warning "^4.0.0"
  
  array-tree-filter@^2.1.0:
    version "2.1.0"
    resolved "https://registry.nlark.com/array-tree-filter/download/array-tree-filter-2.1.0.tgz#873ac00fec83749f255ac8dd083814b4f6329190"
    integrity sha1-hzrAD+yDdJ8lWsjdCDgUtPYykZA=
  
  async-validator@^3.3.0, async-validator@^3.4.0:
    version "3.5.2"
    resolved "https://registry.nlark.com/async-validator/download/async-validator-3.5.2.tgz#68e866a96824e8b2694ff7a831c1a25c44d5e500"
    integrity sha1-aOhmqWgk6LJpT/eoMcGiXETV5QA=
  
  axios@^0.21.1:
    version "0.21.1"
    resolved "https://registry.nlark.com/axios/download/axios-0.21.1.tgz?cache=0&sync_timestamp=1618847188301&other_urls=https%3A%2F%2Fregistry.nlark.com%2Faxios%2Fdownload%2Faxios-0.21.1.tgz#22563481962f4d6bde9a76d516ef0e5d3c09b2b8"
    integrity sha1-IlY0gZYvTWvemnbVFu8OXTwJsrg=
    dependencies:
      follow-redirects "^1.10.0"
  
  big.js@^5.2.2:
    version "5.2.2"
    resolved "https://registry.nlark.com/big.js/download/big.js-5.2.2.tgz#65f0af382f578bcdc742bd9c281e9cb2d7768328"
    integrity sha1-ZfCvOC9Xi83HQr2cKB6cstd2gyg=
  
  bluebird@^3.7.2:
    version "3.7.2"
    resolved "https://registry.npm.taobao.org/bluebird/download/bluebird-3.7.2.tgz?cache=0&sync_timestamp=1602657218976&other_urls=https%3A%2F%2Fregistry.npm.taobao.org%2Fbluebird%2Fdownload%2Fbluebird-3.7.2.tgz#9f229c15be272454ffa973ace0dbee79a1b0c36f"
    integrity sha1-nyKcFb4nJFT/qXOs4NvueaGww28=
  
  colorette@^1.2.2:
    version "1.2.2"
    resolved "https://registry.nlark.com/colorette/download/colorette-1.2.2.tgz?cache=0&sync_timestamp=1618847174680&other_urls=https%3A%2F%2Fregistry.nlark.com%2Fcolorette%2Fdownload%2Fcolorette-1.2.2.tgz#cbcc79d5e99caea2dbf10eb3a26fd8b3e6acfa94"
    integrity sha1-y8x51emcrqLb8Q6zom/Ys+as+pQ=
  
  compute-scroll-into-view@^1.0.17:
    version "1.0.17"
    resolved "https://registry.npm.taobao.org/compute-scroll-into-view/download/compute-scroll-into-view-1.0.17.tgz?cache=0&sync_timestamp=1614042489339&other_urls=https%3A%2F%2Fregistry.npm.taobao.org%2Fcompute-scroll-into-view%2Fdownload%2Fcompute-scroll-into-view-1.0.17.tgz#6a88f18acd9d42e9cf4baa6bec7e0522607ab7ab"
    integrity sha1-aojxis2dQunPS6pr7H4FImB6t6s=
  
  consolidate@^0.16.0:
    version "0.16.0"
    resolved "https://registry.npm.taobao.org/consolidate/download/consolidate-0.16.0.tgz#a11864768930f2f19431660a65906668f5fbdc16"
    integrity sha1-oRhkdokw8vGUMWYKZZBmaPX73BY=
    dependencies:
      bluebird "^3.7.2"
  
  core-js@^3.12.1:
    version "3.14.0"
    resolved "https://registry.nlark.com/core-js/download/core-js-3.14.0.tgz?cache=0&sync_timestamp=1622879421799&other_urls=https%3A%2F%2Fregistry.nlark.com%2Fcore-js%2Fdownload%2Fcore-js-3.14.0.tgz#62322b98c71cc2018b027971a69419e2425c2a6c"
    integrity sha1-YjIrmMccwgGLAnlxppQZ4kJcKmw=
  
  cssesc@^3.0.0:
    version "3.0.0"
    resolved "https://registry.npm.taobao.org/cssesc/download/cssesc-3.0.0.tgz#37741919903b868565e1c09ea747445cd18983ee"
    integrity sha1-N3QZGZA7hoVl4cCep0dEXNGJg+4=
  
  csstype@^2.6.8:
    version "2.6.17"
    resolved "https://registry.nlark.com/csstype/download/csstype-2.6.17.tgz?cache=0&sync_timestamp=1618818393132&other_urls=https%3A%2F%2Fregistry.nlark.com%2Fcsstype%2Fdownload%2Fcsstype-2.6.17.tgz#4cf30eb87e1d1a005d8b6510f95292413f6a1c0e"
    integrity sha1-TPMOuH4dGgBdi2UQ+VKSQT9qHA4=
  
  dom-align@^1.10.4:
    version "1.12.2"
    resolved "https://registry.nlark.com/dom-align/download/dom-align-1.12.2.tgz#0f8164ebd0c9c21b0c790310493cd855892acd4b"
    integrity sha1-D4Fk69DJwhsMeQMQSTzYVYkqzUs=
  
  dom-scroll-into-view@^2.0.0:
    version "2.0.1"
    resolved "https://registry.npm.taobao.org/dom-scroll-into-view/download/dom-scroll-into-view-2.0.1.tgz#0decc8522801fd8d3f1c6ba355a74d382c5f989b"
    integrity sha1-DezIUigB/Y0/HGujVadNOCxfmJs=
  
  emojis-list@^3.0.0:
    version "3.0.0"
    resolved "https://registry.npm.taobao.org/emojis-list/download/emojis-list-3.0.0.tgz#5570662046ad29e2e916e71aae260abdff4f6a78"
    integrity sha1-VXBmIEatKeLpFucariYKvf9Pang=
  
  esbuild@^0.11.23:
    version "0.11.23"
    resolved "https://registry.nlark.com/esbuild/download/esbuild-0.11.23.tgz#c42534f632e165120671d64db67883634333b4b8"
    integrity sha1-xCU09jLhZRIGcdZNtniDY0MztLg=
  
  estree-walker@^2.0.1:
    version "2.0.2"
    resolved "https://registry.npm.taobao.org/estree-walker/download/estree-walker-2.0.2.tgz#52f010178c2a4c117a7757cfe942adb7d2da4cac"
    integrity sha1-UvAQF4wqTBF6d1fP6UKtt9LaTKw=
  
  follow-redirects@^1.10.0:
    version "1.14.1"
    resolved "https://registry.nlark.com/follow-redirects/download/follow-redirects-1.14.1.tgz?cache=0&sync_timestamp=1620555300559&other_urls=https%3A%2F%2Fregistry.nlark.com%2Ffollow-redirects%2Fdownload%2Ffollow-redirects-1.14.1.tgz#d9114ded0a1cfdd334e164e6662ad02bfd91ff43"
    integrity sha1-2RFN7Qoc/dM04WTmZirQK/2R/0M=
  
  font-awesome@^4.7.0:
    version "4.7.0"
    resolved "https://registry.npm.taobao.org/font-awesome/download/font-awesome-4.7.0.tgz#8fa8cf0411a1a31afd07b06d2902bb9fc815a133"
    integrity sha1-j6jPBBGhoxr9B7BtKQK7n8gVoTM=
  
  fsevents@~2.3.1:
    version "2.3.2"
    resolved "https://registry.npm.taobao.org/fsevents/download/fsevents-2.3.2.tgz?cache=0&sync_timestamp=1612536546156&other_urls=https%3A%2F%2Fregistry.npm.taobao.org%2Ffsevents%2Fdownload%2Ffsevents-2.3.2.tgz#8a526f78b8fdf4623b709e0b975c52c24c02fd1a"
    integrity sha1-ilJveLj99GI7cJ4Ll1xSwkwC/Ro=
  
  function-bind@^1.1.1:
    version "1.1.1"
    resolved "https://registry.nlark.com/function-bind/download/function-bind-1.1.1.tgz#a56899d3ea3c9bab874bb9773b7c5ede92f4895d"
    integrity sha1-pWiZ0+o8m6uHS7l3O3xe3pL0iV0=
  
  generic-names@^2.0.1:
    version "2.0.1"
    resolved "https://registry.npm.taobao.org/generic-names/download/generic-names-2.0.1.tgz#f8a378ead2ccaa7a34f0317b05554832ae41b872"
    integrity sha1-+KN46tLMqno08DF7BVVIMq5BuHI=
    dependencies:
      loader-utils "^1.1.0"
  
  has@^1.0.3:
    version "1.0.3"
    resolved "https://registry.nlark.com/has/download/has-1.0.3.tgz?cache=0&sync_timestamp=1618847173393&other_urls=https%3A%2F%2Fregistry.nlark.com%2Fhas%2Fdownload%2Fhas-1.0.3.tgz#722d7cbfc1f6aa8241f16dd814e011e1f41e8796"
    integrity sha1-ci18v8H2qoJB8W3YFOAR4fQeh5Y=
    dependencies:
      function-bind "^1.1.1"
  
  hash-sum@^2.0.0:
    version "2.0.0"
    resolved "https://registry.npm.taobao.org/hash-sum/download/hash-sum-2.0.0.tgz#81d01bb5de8ea4a214ad5d6ead1b523460b0b45a"
    integrity sha1-gdAbtd6OpKIUrV1urRtSNGCwtFo=
  
  icss-replace-symbols@^1.1.0:
    version "1.1.0"
    resolved "https://registry.npm.taobao.org/icss-replace-symbols/download/icss-replace-symbols-1.1.0.tgz#06ea6f83679a7749e386cfe1fe812ae5db223ded"
    integrity sha1-Bupvg2ead0njhs/h/oEq5dsiPe0=
  
  icss-utils@^5.0.0:
    version "5.1.0"
    resolved "https://registry.npm.taobao.org/icss-utils/download/icss-utils-5.1.0.tgz?cache=0&sync_timestamp=1605801312995&other_urls=https%3A%2F%2Fregistry.npm.taobao.org%2Ficss-utils%2Fdownload%2Ficss-utils-5.1.0.tgz#c6be6858abd013d768e98366ae47e25d5887b1ae"
    integrity sha1-xr5oWKvQE9do6YNmrkfiXViHsa4=
  
  is-core-module@^2.2.0:
    version "2.4.0"
    resolved "https://registry.nlark.com/is-core-module/download/is-core-module-2.4.0.tgz#8e9fc8e15027b011418026e98f0e6f4d86305cc1"
    integrity sha1-jp/I4VAnsBFBgCbpjw5vTYYwXME=
    dependencies:
      has "^1.0.3"
  
  is-plain-object@3.0.1:
    version "3.0.1"
    resolved "https://registry.npm.taobao.org/is-plain-object/download/is-plain-object-3.0.1.tgz?cache=0&sync_timestamp=1618466443969&other_urls=https%3A%2F%2Fregistry.npm.taobao.org%2Fis-plain-object%2Fdownload%2Fis-plain-object-3.0.1.tgz#662d92d24c0aa4302407b0d45d21f2251c85f85b"
    integrity sha1-Zi2S0kwKpDAkB7DUXSHyJRyF+Fs=
  
  "js-tokens@^3.0.0 || ^4.0.0":
    version "4.0.0"
    resolved "https://registry.nlark.com/js-tokens/download/js-tokens-4.0.0.tgz?cache=0&sync_timestamp=1619345098261&other_urls=https%3A%2F%2Fregistry.nlark.com%2Fjs-tokens%2Fdownload%2Fjs-tokens-4.0.0.tgz#19203fb59991df98e3a287050d4647cdeaf32499"
    integrity sha1-GSA/tZmR35jjoocFDUZHzerzJJk=
  
  json5@^1.0.1:
    version "1.0.1"
    resolved "https://registry.nlark.com/json5/download/json5-1.0.1.tgz#779fb0018604fa854eacbf6252180d83543e3dbe"
    integrity sha1-d5+wAYYE+oVOrL9iUhgNg1Q+Pb4=
    dependencies:
      minimist "^1.2.0"
  
  loader-utils@^1.1.0:
    version "1.4.0"
    resolved "https://registry.npm.taobao.org/loader-utils/download/loader-utils-1.4.0.tgz#c579b5e34cb34b1a74edc6c1fb36bfa371d5a613"
    integrity sha1-xXm140yzSxp07cbB+za/o3HVphM=
    dependencies:
      big.js "^5.2.2"
      emojis-list "^3.0.0"
      json5 "^1.0.1"
  
  lodash-es@^4.17.15:
    version "4.17.21"
    resolved "https://registry.npm.taobao.org/lodash-es/download/lodash-es-4.17.21.tgz#43e626c46e6591b7750beb2b50117390c609e3ee"
    integrity sha1-Q+YmxG5lkbd1C+srUBFzkMYJ4+4=
  
  lodash.camelcase@^4.3.0:
    version "4.3.0"
    resolved "https://registry.npm.taobao.org/lodash.camelcase/download/lodash.camelcase-4.3.0.tgz#b28aa6288a2b9fc651035c7711f65ab6190331a6"
    integrity sha1-soqmKIorn8ZRA1x3EfZathkDMaY=
  
  lodash@^4.17.15, lodash@^4.17.21:
    version "4.17.21"
    resolved "https://registry.npm.taobao.org/lodash/download/lodash-4.17.21.tgz?cache=0&sync_timestamp=1613835817439&other_urls=https%3A%2F%2Fregistry.npm.taobao.org%2Flodash%2Fdownload%2Flodash-4.17.21.tgz#679591c564c3bffaae8454cf0b3df370c3d6911c"
    integrity sha1-Z5WRxWTDv/quhFTPCz3zcMPWkRw=
  
  loose-envify@^1.0.0:
    version "1.4.0"
    resolved "https://registry.npm.taobao.org/loose-envify/download/loose-envify-1.4.0.tgz#71ee51fa7be4caec1a63839f7e682d8132d30caf"
    integrity sha1-ce5R+nvkyuwaY4OffmgtgTLTDK8=
    dependencies:
      js-tokens "^3.0.0 || ^4.0.0"
  
  lru-cache@^5.1.1:
    version "5.1.1"
    resolved "https://registry.npm.taobao.org/lru-cache/download/lru-cache-5.1.1.tgz?cache=0&sync_timestamp=1615683082252&other_urls=https%3A%2F%2Fregistry.npm.taobao.org%2Flru-cache%2Fdownload%2Flru-cache-5.1.1.tgz#1da27e6710271947695daf6848e847f01d84b920"
    integrity sha1-HaJ+ZxAnGUdpXa9oSOhH8B2EuSA=
    dependencies:
      yallist "^3.0.2"
  
  magic-string@^0.25.7:
    version "0.25.7"
    resolved "https://registry.npm.taobao.org/magic-string/download/magic-string-0.25.7.tgz#3f497d6fd34c669c6798dcb821f2ef31f5445051"
    integrity sha1-P0l9b9NMZpxnmNy4IfLvMfVEUFE=
    dependencies:
      sourcemap-codec "^1.4.4"
  
  merge-source-map@^1.1.0:
    version "1.1.0"
    resolved "https://registry.npm.taobao.org/merge-source-map/download/merge-source-map-1.1.0.tgz#2fdde7e6020939f70906a68f2d7ae685e4c8c646"
    integrity sha1-L93n5gIJOfcJBqaPLXrmheTIxkY=
    dependencies:
      source-map "^0.6.1"
  
  minimist@^1.2.0:
    version "1.2.5"
    resolved "https://registry.nlark.com/minimist/download/minimist-1.2.5.tgz#67d66014b66a6a8aaa0c083c5fd58df4e4e97602"
    integrity sha1-Z9ZgFLZqaoqqDAg8X9WN9OTpdgI=
  
  moment@^2.27.0:
    version "2.29.1"
    resolved "https://registry.npm.taobao.org/moment/download/moment-2.29.1.tgz?cache=0&sync_timestamp=1601983320283&other_urls=https%3A%2F%2Fregistry.npm.taobao.org%2Fmoment%2Fdownload%2Fmoment-2.29.1.tgz#b2be769fa31940be9eeea6469c075e35006fa3d3"
    integrity sha1-sr52n6MZQL6e7qZGnAdeNQBvo9M=
  
  nanoid@^3.1.23:
    version "3.1.23"
    resolved "https://registry.nlark.com/nanoid/download/nanoid-3.1.23.tgz?cache=0&sync_timestamp=1620674856899&other_urls=https%3A%2F%2Fregistry.nlark.com%2Fnanoid%2Fdownload%2Fnanoid-3.1.23.tgz#f744086ce7c2bc47ee0a8472574d5c78e4183a81"
    integrity sha1-90QIbOfCvEfuCoRyV01ceOQYOoE=
  
  nanopop@^2.1.0:
    version "2.1.0"
    resolved "https://registry.npm.taobao.org/nanopop/download/nanopop-2.1.0.tgz#23476513cee2405888afd2e8a4b54066b70b9e60"
    integrity sha1-I0dlE87iQFiIr9LopLVAZrcLnmA=
  
  omit.js@^2.0.0:
    version "2.0.2"
    resolved "https://registry.npm.taobao.org/omit.js/download/omit.js-2.0.2.tgz#dd9b8436fab947a5f3ff214cb2538631e313ec2f"
    integrity sha1-3ZuENvq5R6Xz/yFMslOGMeMT7C8=
  
  path-parse@^1.0.6:
    version "1.0.7"
    resolved "https://registry.nlark.com/path-parse/download/path-parse-1.0.7.tgz#fbc114b60ca42b30d9daf5858e4bd68bbedb6735"
    integrity sha1-+8EUtgykKzDZ2vWFjkvWi77bZzU=
  
  postcss-modules-extract-imports@^3.0.0:
    version "3.0.0"
    resolved "https://registry.npm.taobao.org/postcss-modules-extract-imports/download/postcss-modules-extract-imports-3.0.0.tgz?cache=0&sync_timestamp=1602588260997&other_urls=https%3A%2F%2Fregistry.npm.taobao.org%2Fpostcss-modules-extract-imports%2Fdownload%2Fpostcss-modules-extract-imports-3.0.0.tgz#cda1f047c0ae80c97dbe28c3e76a43b88025741d"
    integrity sha1-zaHwR8CugMl9vijD52pDuIAldB0=
  
  postcss-modules-local-by-default@^4.0.0:
    version "4.0.0"
    resolved "https://registry.npm.taobao.org/postcss-modules-local-by-default/download/postcss-modules-local-by-default-4.0.0.tgz#ebbb54fae1598eecfdf691a02b3ff3b390a5a51c"
    integrity sha1-67tU+uFZjuz99pGgKz/zs5ClpRw=
    dependencies:
      icss-utils "^5.0.0"
      postcss-selector-parser "^6.0.2"
      postcss-value-parser "^4.1.0"
  
  postcss-modules-scope@^3.0.0:
    version "3.0.0"
    resolved "https://registry.nlark.com/postcss-modules-scope/download/postcss-modules-scope-3.0.0.tgz#9ef3151456d3bbfa120ca44898dfca6f2fa01f06"
    integrity sha1-nvMVFFbTu/oSDKRImN/Kby+gHwY=
    dependencies:
      postcss-selector-parser "^6.0.4"
  
  postcss-modules-values@^4.0.0:
    version "4.0.0"
    resolved "https://registry.npm.taobao.org/postcss-modules-values/download/postcss-modules-values-4.0.0.tgz?cache=0&sync_timestamp=1602586215124&other_urls=https%3A%2F%2Fregistry.npm.taobao.org%2Fpostcss-modules-values%2Fdownload%2Fpostcss-modules-values-4.0.0.tgz#d7c5e7e68c3bb3c9b27cbf48ca0bb3ffb4602c9c"
    integrity sha1-18Xn5ow7s8myfL9Iyguz/7RgLJw=
    dependencies:
      icss-utils "^5.0.0"
  
  postcss-modules@^4.0.0:
    version "4.0.0"
    resolved "https://registry.npm.taobao.org/postcss-modules/download/postcss-modules-4.0.0.tgz#2bc7f276ab88f3f1b0fadf6cbd7772d43b5f3b9b"
    integrity sha1-K8fydquI8/Gw+t9svXdy1DtfO5s=
    dependencies:
      generic-names "^2.0.1"
      icss-replace-symbols "^1.1.0"
      lodash.camelcase "^4.3.0"
      postcss-modules-extract-imports "^3.0.0"
      postcss-modules-local-by-default "^4.0.0"
      postcss-modules-scope "^3.0.0"
      postcss-modules-values "^4.0.0"
      string-hash "^1.1.1"
  
  postcss-selector-parser@^6.0.2, postcss-selector-parser@^6.0.4:
    version "6.0.6"
    resolved "https://registry.nlark.com/postcss-selector-parser/download/postcss-selector-parser-6.0.6.tgz?cache=0&sync_timestamp=1620753051451&other_urls=https%3A%2F%2Fregistry.nlark.com%2Fpostcss-selector-parser%2Fdownload%2Fpostcss-selector-parser-6.0.6.tgz#2c5bba8174ac2f6981ab631a42ab0ee54af332ea"
    integrity sha1-LFu6gXSsL2mBq2MaQqsO5UrzMuo=
    dependencies:
      cssesc "^3.0.0"
      util-deprecate "^1.0.2"
  
  postcss-value-parser@^4.1.0:
    version "4.1.0"
    resolved "https://registry.npm.taobao.org/postcss-value-parser/download/postcss-value-parser-4.1.0.tgz#443f6a20ced6481a2bda4fa8532a6e55d789a2cb"
    integrity sha1-RD9qIM7WSBor2k+oUypuVdeJoss=
  
  postcss@^8.1.10, postcss@^8.2.10:
    version "8.3.0"
    resolved "https://registry.nlark.com/postcss/download/postcss-8.3.0.tgz#b1a713f6172ca427e3f05ef1303de8b65683325f"
    integrity sha1-sacT9hcspCfj8F7xMD3otlaDMl8=
    dependencies:
      colorette "^1.2.2"
      nanoid "^3.1.23"
      source-map-js "^0.6.2"
  
  regenerator-runtime@^0.13.4:
    version "0.13.7"
    resolved "https://registry.npm.taobao.org/regenerator-runtime/download/regenerator-runtime-0.13.7.tgz#cac2dacc8a1ea675feaabaeb8ae833898ae46f55"
    integrity sha1-ysLazIoepnX+qrrriugziYrkb1U=
  
  resize-observer-polyfill@^1.5.1:
    version "1.5.1"
    resolved "https://registry.nlark.com/resize-observer-polyfill/download/resize-observer-polyfill-1.5.1.tgz?cache=0&sync_timestamp=1621254890078&other_urls=https%3A%2F%2Fregistry.nlark.com%2Fresize-observer-polyfill%2Fdownload%2Fresize-observer-polyfill-1.5.1.tgz#0e9020dd3d21024458d4ebd27e23e40269810464"
    integrity sha1-DpAg3T0hAkRY1OvSfiPkAmmBBGQ=
  
  resolve@^1.19.0:
    version "1.20.0"
    resolved "https://registry.npm.taobao.org/resolve/download/resolve-1.20.0.tgz#629a013fb3f70755d6f0b7935cc1c2c5378b1975"
    integrity sha1-YpoBP7P3B1XW8LeTXMHCxTeLGXU=
    dependencies:
      is-core-module "^2.2.0"
      path-parse "^1.0.6"
  
  rollup@^2.38.5:
    version "2.50.5"
    resolved "https://registry.nlark.com/rollup/download/rollup-2.50.5.tgz?cache=0&sync_timestamp=1622401386497&other_urls=https%3A%2F%2Fregistry.nlark.com%2Frollup%2Fdownload%2Frollup-2.50.5.tgz#bbee9d6411af3f5fa5c6e7e2c69f7a65b753e568"
    integrity sha1-u+6dZBGvP1+lxufixp96ZbdT5Wg=
    optionalDependencies:
      fsevents "~2.3.1"
  
  scroll-into-view-if-needed@^2.2.25:
    version "2.2.28"
    resolved "https://registry.nlark.com/scroll-into-view-if-needed/download/scroll-into-view-if-needed-2.2.28.tgz#5a15b2f58a52642c88c8eca584644e01703d645a"
    integrity sha1-WhWy9YpSZCyIyOylhGROAXA9ZFo=
    dependencies:
      compute-scroll-into-view "^1.0.17"
  
  shallow-equal@^1.0.0:
    version "1.2.1"
    resolved "https://registry.npm.taobao.org/shallow-equal/download/shallow-equal-1.2.1.tgz#4c16abfa56043aa20d050324efa68940b0da79da"
    integrity sha1-TBar+lYEOqINBQMk76aJQLDaedo=
  
  source-map-js@^0.6.2:
    version "0.6.2"
    resolved "https://registry.npm.taobao.org/source-map-js/download/source-map-js-0.6.2.tgz#0bb5de631b41cfbda6cfba8bd05a80efdfd2385e"
    integrity sha1-C7XeYxtBz72mz7qL0FqA79/SOF4=
  
  source-map@^0.6.1:
    version "0.6.1"
    resolved "https://registry.npm.taobao.org/source-map/download/source-map-0.6.1.tgz?cache=0&sync_timestamp=1601546737481&other_urls=https%3A%2F%2Fregistry.npm.taobao.org%2Fsource-map%2Fdownload%2Fsource-map-0.6.1.tgz#74722af32e9614e9c287a8d0bbde48b5e2f1a263"
    integrity sha1-dHIq8y6WFOnCh6jQu95IteLxomM=
  
  sourcemap-codec@^1.4.4:
    version "1.4.8"
    resolved "https://registry.npm.taobao.org/sourcemap-codec/download/sourcemap-codec-1.4.8.tgz#ea804bd94857402e6992d05a38ef1ae35a9ab4c4"
    integrity sha1-6oBL2UhXQC5pktBaOO8a41qatMQ=
  
  string-hash@^1.1.1:
    version "1.1.3"
    resolved "https://registry.npm.taobao.org/string-hash/download/string-hash-1.1.3.tgz#e8aafc0ac1855b4666929ed7dd1275df5d6c811b"
    integrity sha1-6Kr8CsGFW0Zmkp7X3RJ1311sgRs=
  
  to-fast-properties@^2.0.0:
    version "2.0.0"
    resolved "https://registry.npm.taobao.org/to-fast-properties/download/to-fast-properties-2.0.0.tgz#dc5e698cbd079265bc73e0377681a4e4e83f616e"
    integrity sha1-3F5pjL0HkmW8c+A3doGk5Og/YW4=
  
  util-deprecate@^1.0.2:
    version "1.0.2"
    resolved "https://registry.nlark.com/util-deprecate/download/util-deprecate-1.0.2.tgz#450d4dc9fa70de732762fbd2d4a28981419a0ccf"
    integrity sha1-RQ1Nyfpw3nMnYvvS1KKJgUGaDM8=
  
  vite@^2.3.4:
    version "2.3.4"
    resolved "https://registry.nlark.com/vite/download/vite-2.3.4.tgz?cache=0&sync_timestamp=1621933414138&other_urls=https%3A%2F%2Fregistry.nlark.com%2Fvite%2Fdownload%2Fvite-2.3.4.tgz#370118e0334725b898ff754ea43d5db4c5e120e3"
    integrity sha1-NwEY4DNHJbiY/3VOpD1dtMXhIOM=
    dependencies:
      esbuild "^0.11.23"
      postcss "^8.2.10"
      resolve "^1.19.0"
      rollup "^2.38.5"
    optionalDependencies:
      fsevents "~2.3.1"
  
  vue-router@4.0.11:
    version "4.0.11"
    resolved "https://registry.nlark.com/vue-router/download/vue-router-4.0.11.tgz#cd649a0941c635281763a20965b599643ddc68ed"
    integrity sha1-zWSaCUHGNSgXY6IJZbWZZD3caO0=
    dependencies:
      "@vue/devtools-api" "^6.0.0-beta.14"
  
  vue-types@^3.0.0:
    version "3.0.2"
    resolved "https://registry.npm.taobao.org/vue-types/download/vue-types-3.0.2.tgz?cache=0&sync_timestamp=1618469169198&other_urls=https%3A%2F%2Fregistry.npm.taobao.org%2Fvue-types%2Fdownload%2Fvue-types-3.0.2.tgz#ec16e05d412c038262fc1efa4ceb9647e7fb601d"
    integrity sha1-7BbgXUEsA4Ji/B76TOuWR+f7YB0=
    dependencies:
      is-plain-object "3.0.1"
  
  vue@^3.0.0:
    version "3.0.11"
    resolved "https://registry.nlark.com/vue/download/vue-3.0.11.tgz?cache=0&sync_timestamp=1622236078655&other_urls=https%3A%2F%2Fregistry.nlark.com%2Fvue%2Fdownload%2Fvue-3.0.11.tgz#c82f9594cbf4dcc869241d4c8dd3e08d9a8f4b5f"
    integrity sha1-yC+VlMv03MhpJB1MjdPgjZqPS18=
    dependencies:
      "@vue/compiler-dom" "3.0.11"
      "@vue/runtime-dom" "3.0.11"
      "@vue/shared" "3.0.11"
  
  vue@^3.0.5:
    version "3.2.2"
    resolved "https://registry.nlark.com/vue/download/vue-3.2.2.tgz?cache=0&other_urls=https%3A%2F%2Fregistry.nlark.com%2Fvue%2Fdownload%2Fvue-3.2.2.tgz#11715cb71a02baefd0f6e6552dc623680eb1bf32"
    integrity sha1-EXFctxoCuu/Q9uZVLcYjaA6xvzI=
    dependencies:
      "@vue/compiler-dom" "3.2.2"
      "@vue/runtime-dom" "3.2.2"
      "@vue/shared" "3.2.2"
  
  warning@^4.0.0:
    version "4.0.3"
    resolved "https://registry.npm.taobao.org/warning/download/warning-4.0.3.tgz#16e9e077eb8a86d6af7d64aa1e05fd85b4678ca3"
    integrity sha1-Fungd+uKhtavfWSqHgX9hbRnjKM=
    dependencies:
      loose-envify "^1.0.0"
  
  yallist@^3.0.2:
    version "3.1.1"
    resolved "https://registry.npm.taobao.org/yallist/download/yallist-3.1.1.tgz#dbb7daf9bfd8bac9ab45ebf602b8cbad0d5d08fd"
    integrity sha1-27fa+b/YusmrRev2ArjLrQ1dCP0=
